<?xml version="1.0" encoding="UTF-8"?>
<testng-results ignored="0" total="1" passed="1" failed="0" skipped="0">
  <reporter-output>
  </reporter-output>
  <suite started-at="2025-04-25T20:56:46 IST" name="Surefire suite" finished-at="2025-04-25T20:57:01 IST" duration-ms="15369">
    <groups>
    </groups>
    <test started-at="2025-04-25T20:56:46 IST" name="Surefire test" finished-at="2025-04-25T20:57:01 IST" duration-ms="15369">
      <class name="com.automation.tests.MyntraTest">
        <test-method is-config="true" signature="setUp()[pri:0, instance:com.automation.tests.MyntraTest@418e7838]" started-at="2025-04-25T20:56:44 IST" name="setUp" finished-at="2025-04-25T20:56:46 IST" duration-ms="2170" status="PASS">
          <reporter-output>
          </reporter-output>
        </test-method> <!-- setUp -->
        <test-method is-config="true" signature="setUpTest(java.lang.String)[pri:0, instance:com.automation.tests.MyntraTest@418e7838]" started-at="2025-04-25T20:56:46 IST" name="setUpTest" finished-at="2025-04-25T20:56:52 IST" duration-ms="5963" status="PASS">
          <params>
            <param index="0">
              <value>
                <![CDATA[chrome]]>
              </value>
            </param>
          </params>
          <reporter-output>
          </reporter-output>
        </test-method> <!-- setUpTest -->
        <test-method signature="testAddProductToCart()[pri:0, instance:com.automation.tests.MyntraTest@418e7838]" started-at="2025-04-25T20:56:52 IST" name="testAddProductToCart" description="Test adding a product to the cart on Myntra" finished-at="2025-04-25T20:57:01 IST" duration-ms="8960" status="PASS">
          <reporter-output>
          </reporter-output>
        </test-method> <!-- testAddProductToCart -->
        <test-method is-config="true" signature="tearDown()[pri:0, instance:com.automation.tests.MyntraTest@418e7838]" started-at="2025-04-25T20:57:01 IST" name="tearDown" finished-at="2025-04-25T20:57:01 IST" duration-ms="392" status="PASS">
          <reporter-output>
          </reporter-output>
        </test-method> <!-- tearDown -->
        <test-method is-config="true" signature="tearDownSuite()[pri:0, instance:com.automation.tests.MyntraTest@418e7838]" started-at="2025-04-25T20:57:01 IST" name="tearDownSuite" finished-at="2025-04-25T20:57:02 IST" duration-ms="358" status="PASS">
          <reporter-output>
          </reporter-output>
        </test-method> <!-- tearDownSuite -->
      </class> <!-- com.automation.tests.MyntraTest -->
    </test> <!-- Surefire test -->
  </suite> <!-- Surefire suite -->
</testng-results>
